<?xml version="1.0" encoding="UTF-8"?>
<testng-results ignored="0" total="1" passed="1" failed="0" skipped="0">
  <reporter-output>
  </reporter-output>
  <suite started-at="2021-05-03T12:32:27Z" name="Default suite" finished-at="2021-05-03T12:33:55Z" duration-ms="88030">
    <groups>
    </groups>
    <test started-at="2021-05-03T12:32:27Z" name="Default test" finished-at="2021-05-03T12:33:55Z" duration-ms="88030">
      <class name="apachePOI.ParameterizationTest">
        <test-method is-config="true" signature="setBrowser()[pri:0, instance:apachePOI.ParameterizationTest@3b938003]" started-at="2021-05-03T18:02:27Z" name="setBrowser" finished-at="2021-05-03T18:02:39Z" duration-ms="11752" status="PASS">
          <reporter-output>
          </reporter-output>
        </test-method> <!-- setBrowser -->
        <test-method signature="logIn()[pri:0, instance:apachePOI.ParameterizationTest@3b938003]" started-at="2021-05-03T18:02:39Z" name="logIn" finished-at="2021-05-03T18:03:52Z" duration-ms="72866" status="PASS">
          <reporter-output>
          </reporter-output>
        </test-method> <!-- logIn -->
        <test-method is-config="true" signature="close()[pri:0, instance:apachePOI.ParameterizationTest@3b938003]" started-at="2021-05-03T18:03:52Z" name="close" finished-at="2021-05-03T18:03:55Z" duration-ms="3383" status="PASS">
          <reporter-output>
          </reporter-output>
        </test-method> <!-- close -->
      </class> <!-- apachePOI.ParameterizationTest -->
    </test> <!-- Default test -->
  </suite> <!-- Default suite -->
</testng-results>
